Arguments: 
  /usr/local/bin/node /usr/local/bin/yarn install --modules-folder ./_assets/yarn

PATH: 
  /usr/local/bin:/usr/local/sbin:/usr/bin:/bin:/usr/sbin:/sbin

Yarn version: 
  1.9.2

Node version: 
  8.11.3

Platform: 
  darwin x64

Trace: 
  Error: EACCES: permission denied, unlink '_assets/yarn/.yarn-integrity'

npm manifest: 
  {
    "name": "chalk",
    "scripts": {
      "setup": "bin/setup",
      "local": "bundle exec jekyll serve --drafts",
      "publish": "bin/deploy"
    },
    "dependencies": {
      "jquery": "^3.2.1",
      "npm": "^6.0.1",
      "retinajs": "^2.1.1",
      "svgxuse": "^1.2.4",
      "webfontloader": "^1.6.28",
      "zooming": "^2.0.0"
    }
  }

yarn manifest: 
  No manifest

Lockfile: 
  No lockfile
